BarcelonaPilot-BarcelonaProvider-BikesOffering,Dama-BikeSharing-BikeSharingStation==BarcelonaPilot-BarcelonaProvider-BikesOffering,1539801683216,1539801684233,1539801684242,45643,463,45643,463,9
BarcelonaPilot-BarcelonaProvider-BikesOffering,Dama-BikeSharing-BikeSharingStation==BarcelonaPilot-BarcelonaProvider-BikesOffering,1539801684620,1539801684998,1539801685002,45643,463,45643,463,4
BarcelonaPilot-BarcelonaProvider-BikesOffering,Dama-BikeSharing-BikeSharingStation==BarcelonaPilot-BarcelonaProvider-BikesOffering,1539801747265,1539801747736,1539801747741,45647,463,45647,463,5
BarcelonaPilot-BarcelonaProvider-BikesOffering,Dama-BikeSharing-BikeSharingStation==BarcelonaPilot-BarcelonaProvider-BikesOffering,1539801745615,1539801746421,1539801746430,45647,463,45647,463,9
BarcelonaPilot-BarcelonaProvider-BikesOffering,Dama-BikeSharing-BikeSharingStation==BarcelonaPilot-BarcelonaProvider-BikesOffering,1539801895943,1539801896189,1539801896195,45642,463,45642,463,6
BarcelonaPilot-BarcelonaProvider-BikesOffering,Dama-BikeSharing-BikeSharingStation==BarcelonaPilot-BarcelonaProvider-BikesOffering,1539801895226,1539801895840,1539801895850,45642,463,45642,463,10
BarcelonaPilot-BarcelonaProvider-BikesOffering,Dama-BikeSharing-BikeSharingStation==BarcelonaPilot-BarcelonaProvider-BikesOffering,1539802087027,1539802087315,1539802087320,45639,463,45639,463,5
BarcelonaPilot-BarcelonaProvider-BikesOffering,Dama-BikeSharing-BikeSharingStation==BarcelonaPilot-BarcelonaProvider-BikesOffering,1539802086414,1539802086946,1539802086954,45640,463,45640,463,8
BarcelonaPilot-BarcelonaProvider-BikesOffering,Dama-BikeSharing-BikeSharingStation==BarcelonaPilot-BarcelonaProvider-BikesOffering,1539802433565,1539802433855,1539802433858,45639,463,45639,463,3
BarcelonaPilot-BarcelonaProvider-BikesOffering,Dama-BikeSharing-BikeSharingStation==BarcelonaPilot-BarcelonaProvider-BikesOffering,1539802432819,1539802433485,1539802433492,45639,463,45639,463,7
BarcelonaPilot-BarcelonaProvider-BikesOffering,Dama-BikeSharing-BikeSharingStation==BarcelonaPilot-BarcelonaProvider-BikesOffering,1539802831423,1539802831956,1539802831964,45647,463,45647,463,8
BarcelonaPilot-BarcelonaProvider-BikesOffering,Dama-BikeSharing-BikeSharingStation==BarcelonaPilot-BarcelonaProvider-BikesOffering,1539802832085,1539802832429,1539802832434,45647,463,45647,463,5
BarcelonaPilot-BarcelonaProvider-BikesOffering,Dama-BikeSharing-BikeSharingStation==BarcelonaPilot-BarcelonaProvider-BikesOffering,1539802988945,1539802989209,1539802989216,45647,463,45647,463,7
BarcelonaPilot-BarcelonaProvider-BikesOffering,Dama-BikeSharing-BikeSharingStation==BarcelonaPilot-BarcelonaProvider-BikesOffering,1539802988221,1539802988802,1539802988812,45647,463,45647,463,10
BarcelonaPilot-BarcelonaProvider-BikesOffering,Dama-BikeSharing-BikeSharingStation==BarcelonaPilot-BarcelonaProvider-BikesOffering,1539803462423,1539803463407,1539803463416,45652,463,45652,463,9
BarcelonaPilot-BarcelonaProvider-BikesOffering,Dama-BikeSharing-BikeSharingStation==BarcelonaPilot-BarcelonaProvider-BikesOffering,1539803463523,1539803463895,1539803463899,45652,463,45652,463,4
BarcelonaPilot-BarcelonaProvider-BikesOffering,Dama-BikeSharing-BikeSharingStation==BarcelonaPilot-BarcelonaProvider-BikesOffering,1539803504822,1539803505482,1539803505490,45653,463,45653,463,8
BarcelonaPilot-BarcelonaProvider-BikesOffering,Dama-BikeSharing-BikeSharingStation==BarcelonaPilot-BarcelonaProvider-BikesOffering,1539803505577,1539803505829,1539803505833,45653,463,45653,463,4
BarcelonaPilot-BarcelonaProvider-BikesOffering,Dama-BikeSharing-BikeSharingStation==BarcelonaPilot-BarcelonaProvider-BikesOffering,1539810441731,1539810442008,1539810442013,45648,463,45648,463,5
BarcelonaPilot-BarcelonaProvider-BikesOffering,Dama-BikeSharing-BikeSharingStation==BarcelonaPilot-BarcelonaProvider-BikesOffering,1539810439397,1539810441623,1539810441634,45648,463,45648,463,11
BarcelonaPilot-BarcelonaProvider-BikesOffering,Dama-BikeSharing-BikeSharingStation==BarcelonaPilot-BarcelonaProvider-BikesOffering,1539810762944,1539810763189,1539810763194,45638,463,45638,463,5
BarcelonaPilot-BarcelonaProvider-BikesOffering,Dama-BikeSharing-BikeSharingStation==BarcelonaPilot-BarcelonaProvider-BikesOffering,1539810762192,1539810762827,1539810762836,45638,463,45638,463,9
BarcelonaPilot-BarcelonaProvider-BikesOffering,Dama-BikeSharing-BikeSharingStation==BarcelonaPilot-BarcelonaProvider-BikesOffering,1539811113985,1539811114611,1539811114618,45638,463,45638,463,7
BarcelonaPilot-BarcelonaProvider-BikesOffering,Dama-BikeSharing-BikeSharingStation==BarcelonaPilot-BarcelonaProvider-BikesOffering,1539811114705,1539811114962,1539811114965,45638,463,45638,463,3
BarcelonaPilot-BarcelonaProvider-BikesOffering,Dama-BikeSharing-BikeSharingStation==BarcelonaPilot-BarcelonaProvider-BikesOffering,1539811178198,1539811178850,1539811178857,45638,463,45638,463,7
BarcelonaPilot-BarcelonaProvider-BikesOffering,Dama-BikeSharing-BikeSharingStation==BarcelonaPilot-BarcelonaProvider-BikesOffering,1539811178955,1539811179251,1539811179255,45638,463,45638,463,4
BarcelonaPilot-BarcelonaProvider-BikesOffering,Dama-BikeSharing-BikeSharingStation==BarcelonaPilot-BarcelonaProvider-BikesOffering,1539815400411,1539815401790,1539815401798,45647,463,45647,463,8
BarcelonaPilot-BarcelonaProvider-BikesOffering,Dama-BikeSharing-BikeSharingStation==BarcelonaPilot-BarcelonaProvider-BikesOffering,1539815401882,1539815404240,1539815404244,45647,463,45647,463,4
BarcelonaPilot-BarcelonaProvider-BikesOffering,Dama-BikeSharing-BikeSharingStation==BarcelonaPilot-BarcelonaProvider-BikesOffering,1539815478872,1539815479198,1539815479200,45648,463,45648,463,2
BarcelonaPilot-BarcelonaProvider-BikesOffering,Dama-BikeSharing-BikeSharingStation==BarcelonaPilot-BarcelonaProvider-BikesOffering,1539815477735,1539815478751,1539815478760,45648,463,45648,463,9
BarcelonaPilot-BarcelonaProvider-BikesOffering,Dama-BikeSharing-BikeSharingStation==BarcelonaPilot-BarcelonaProvider-BikesOffering,1539815757778,1539815758505,1539815758512,45649,463,45649,463,7
BarcelonaPilot-BarcelonaProvider-BikesOffering,Dama-BikeSharing-BikeSharingStation==BarcelonaPilot-BarcelonaProvider-BikesOffering,1539815758609,1539815758907,1539815758912,45649,463,45649,463,5
BarcelonaPilot-BarcelonaProvider-BikesOffering,Dama-BikeSharing-BikeSharingStation==BarcelonaPilot-BarcelonaProvider-BikesOffering,1539815864644,1539815864914,1539815864918,45649,463,45649,463,4
BarcelonaPilot-BarcelonaProvider-BikesOffering,Dama-BikeSharing-BikeSharingStation==BarcelonaPilot-BarcelonaProvider-BikesOffering,1539815862222,1539815864550,1539815864558,45649,463,45649,463,8
BarcelonaPilot-BarcelonaProvider-BikesOffering,Dama-BikeSharing-BikeSharingStation==BarcelonaPilot-BarcelonaProvider-BikesOffering,1539815978109,1539815978870,1539815978878,45648,463,45648,463,8
BarcelonaPilot-BarcelonaProvider-BikesOffering,Dama-BikeSharing-BikeSharingStation==BarcelonaPilot-BarcelonaProvider-BikesOffering,1539815978957,1539815980362,1539815980367,45648,463,45648,463,5
BarcelonaPilot-BarcelonaProvider-BikesOffering,Dama-BikeSharing-BikeSharingStation==BarcelonaPilot-BarcelonaProvider-BikesOffering,1539816636122,1539816638135,1539816638141,45649,463,45649,463,6
BarcelonaPilot-BarcelonaProvider-BikesOffering,Dama-BikeSharing-BikeSharingStation==BarcelonaPilot-BarcelonaProvider-BikesOffering,1539816635023,1539816636011,1539816636020,45649,463,45649,463,9
BarcelonaPilot-BarcelonaProvider-BikesOffering,Dama-BikeSharing-BikeSharingStation==BarcelonaPilot-BarcelonaProvider-BikesOffering,1539816768334,1539816768636,1539816768641,45649,463,45649,463,5
BarcelonaPilot-BarcelonaProvider-BikesOffering,Dama-BikeSharing-BikeSharingStation==BarcelonaPilot-BarcelonaProvider-BikesOffering,1539816766424,1539816768235,1539816768250,45649,463,45649,463,15
BarcelonaPilot-BarcelonaProvider-BikesOffering,Dama-BikeSharing-BikeSharingStation==BarcelonaPilot-BarcelonaProvider-BikesOffering,1539816969956,1539816970740,1539816970745,45649,463,45649,463,5
BarcelonaPilot-BarcelonaProvider-BikesOffering,Dama-BikeSharing-BikeSharingStation==BarcelonaPilot-BarcelonaProvider-BikesOffering,1539816969224,1539816969850,1539816969858,45649,463,45649,463,8
BarcelonaPilot-BarcelonaProvider-BikesOffering,Dama-BikeSharing-BikeSharingStation==BarcelonaPilot-BarcelonaProvider-BikesOffering,1539816996845,1539816997533,1539816997541,45649,463,45649,463,8
BarcelonaPilot-BarcelonaProvider-BikesOffering,Dama-BikeSharing-BikeSharingStation==BarcelonaPilot-BarcelonaProvider-BikesOffering,1539816997622,1539816998028,1539816998032,45649,463,45649,463,4
BarcelonaPilot-BarcelonaProvider-BikesOffering,Dama-BikeSharing-BikeSharingStation==BarcelonaPilot-BarcelonaProvider-BikesOffering,1539820799569,1539820799845,1539820799850,45642,463,45642,463,5
BarcelonaPilot-BarcelonaProvider-BikesOffering,Dama-BikeSharing-BikeSharingStation==BarcelonaPilot-BarcelonaProvider-BikesOffering,1539820797353,1539820799472,1539820799481,45642,463,45642,463,9
BarcelonaPilot-BarcelonaProvider-BikesOffering,Dama-BikeSharing-BikeSharingStation==BarcelonaPilot-BarcelonaProvider-BikesOffering,1539821210052,1539821210821,1539821210828,45643,463,45643,463,7
BarcelonaPilot-BarcelonaProvider-BikesOffering,Dama-BikeSharing-BikeSharingStation==BarcelonaPilot-BarcelonaProvider-BikesOffering,1539821210927,1539821211333,1539821211338,45643,463,45643,463,5
BarcelonaPilot-BarcelonaProvider-BikesOffering,Dama-BikeSharing-BikeSharingStation==BarcelonaPilot-BarcelonaProvider-BikesOffering,1539821407250,1539821408185,1539821408192,45643,463,45643,463,7
BarcelonaPilot-BarcelonaProvider-BikesOffering,Dama-BikeSharing-BikeSharingStation==BarcelonaPilot-BarcelonaProvider-BikesOffering,1539821408278,1539821408662,1539821408666,45643,463,45643,463,4
BarcelonaPilot-BarcelonaProvider-BikesOffering,Dama-BikeSharing-BikeSharingStation==BarcelonaPilot-BarcelonaProvider-BikesOffering,1539849129169,1539849129898,1539849129906,45645,463,45645,463,8
BarcelonaPilot-BarcelonaProvider-BikesOffering,Dama-BikeSharing-BikeSharingStation==BarcelonaPilot-BarcelonaProvider-BikesOffering,1539849130008,1539849130277,1539849130284,45645,463,45645,463,7
BarcelonaPilot-BarcelonaProvider-BikesOffering,Dama-BikeSharing-BikeSharingStation==BarcelonaPilot-BarcelonaProvider-BikesOffering,1539853822848,1539853824134,1539853824142,45654,463,45654,463,8
BarcelonaPilot-BarcelonaProvider-BikesOffering,Dama-BikeSharing-BikeSharingStation==BarcelonaPilot-BarcelonaProvider-BikesOffering,1539853824225,1539853825069,1539853825073,45654,463,45654,463,4
BarcelonaPilot-BarcelonaProvider-BikesOffering,Dama-BikeSharing-BikeSharingStation==BarcelonaPilot-BarcelonaProvider-BikesOffering,1539853951085,1539853951968,1539853951981,45652,463,45652,463,13
BarcelonaPilot-BarcelonaProvider-BikesOffering,Dama-BikeSharing-BikeSharingStation==BarcelonaPilot-BarcelonaProvider-BikesOffering,1539853952083,1539853952454,1539853952457,45652,463,45652,463,3
